ENISA ACM Section 7.1 demonstration — evidence log
Generated: 2026-06-02T17:53:35Z
Host: Linux 5.15.146.1-microsoft-standard-WSL2 x86_64 | python: Python 3.12.3
==================================================================

### Generating PREDICTABLE stream (published-key AES-256-CTR) ###
wrote fakeB.bin: 1250000 bytes (10000000 bits) of PREDICTABLE keystream
  key   (PUBLIC): 00112233445566778899aabbccddeeff00112233445566778899aabbccddeeff
  nonce (PUBLIC): 000000000000000000000000
  -> anyone can regenerate this exact file; it carries no entropy.
### Generating REAL stream (os.urandom) for comparison ###
wrote real.bin

############ PREDICTABLE stream (should NOT be trusted) ############
# input: 1250000 bytes (10000000 bits)

== simple FIPS/AIS31-style battery ==
  [PASS] monobit                ones=5000105 expect[4995257,5004743]
  [PASS] poker4                 X=22.27 accept(1.03,57.4)
  [PASS] runs                   runs=5000686 z=0.43 (|z|<3)
  [PASS] longrun                longest=24 ceil=57

== NIST SP800-22 subset ==
  [PASS] frequency_monobit      p=0.9471 (alpha=0.01)
  [PASS] block_frequency        p=0.5439 (alpha=0.01)
  [PASS] runs                   p=0.6644 (alpha=0.01)
  [PASS] longest_run_ones       p=0.9554 (alpha=0.01)
  [PASS] cumulative_sums        p=0.9972 (alpha=0.01)
  [PASS] approximate_entropy    p=0.2999 (alpha=0.01)
  [PASS] serial_1               p=0.2999 (alpha=0.01)
  [PASS] serial_2               p=0.0960 (alpha=0.01)
  [PASS] spectral_dft           p=0.1645 (alpha=0.01)

OVERALL: ALL TESTS PASS

############ REAL stream (os.urandom) ############
# input: 1250000 bytes (10000000 bits)

== simple FIPS/AIS31-style battery ==
  [PASS] monobit                ones=5000268 expect[4995257,5004743]
  [PASS] poker4                 X=15.99 accept(1.03,57.4)
  [PASS] runs                   runs=4997151 z=1.80 (|z|<3)
  [PASS] longrun                longest=23 ceil=57

== NIST SP800-22 subset ==
  [PASS] frequency_monobit      p=0.8654 (alpha=0.01)
  [PASS] block_frequency        p=0.7951 (alpha=0.01)
  [PASS] runs                   p=0.0716 (alpha=0.01)
  [PASS] longest_run_ones       p=0.6129 (alpha=0.01)
  [PASS] cumulative_sums        p=0.5737 (alpha=0.01)
  [PASS] approximate_entropy    p=0.1423 (alpha=0.01)
  [PASS] serial_1               p=0.1421 (alpha=0.01)
  [PASS] serial_2               p=0.1648 (alpha=0.01)
  [PASS] spectral_dft           p=0.0533 (alpha=0.01)

OVERALL: ALL TESTS PASS

############ ENISA quantitative thresholds — PREDICTABLE stream ############
# stream: fakeB.bin  (1250000 bytes, 10000000 bits)
# output-based MCV min-entropy (SP800-90B 6.3.1, run on OUTPUT = wrong place):
#   per-bit  : 0.9988 bits/bit   (p_max=0.50001)
#   per-byte : 7.8887 bits/byte (p_max=0.004073)
# TRUE secret min-entropy of construction: 0 (key is published; output fully determined)

requirement                                type    thr       verdict
----------------------------------------------------------------------------------------------------
DRBG seed min-entropy (Note 68)            entropy 125 bits  FALSELY CREDITED AS MET
                                           -> credited >=125 by output estimator / by passing §7.1 statistical tests; TRUE may be 0
DRBG seed min-entropy, quantum (Note 69)   entropy 188 bits  FALSELY CREDITED AS MET
                                           -> a 256-bit draw is credited ~256 bits >= 188 by the output estimator; TRUE may be 0
CTR_DRBG block-cipher key (Note 71)        size    192 bits  MET BY SIZE
                                           -> this is a bit-length check; AES-256 satisfies it even with a PUBLIC key
Symmetric key / block cipher (Notes 3/19)  size    192 bits  MET BY SIZE
                                           -> a key generated from this RNG has the requested SIZE but inherits 0 secret entropy
Hash output (Note 4)                       size    384 bits  MECHANISM-LEVEL
                                           -> property of the hash algorithm selected downstream, not of the RNG output
MAC key, hash-based (Note 19)              size    192 bits  MET BY SIZE
                                           -> size met; secret entropy inherited from RNG = 0 for the published-key fake

CONCLUSION: construction has 0 true secret min-entropy, yet
  * entropy thresholds (>=125 / >=188) are FALSELY CREDITED via the §7.1
    statistical-testing path and output-based estimation, and
  * size thresholds (>=192 / >=384) are MET BY CONSTRUCTION (length, not secrecy).
  => a fully predictable RNG clears ENISA's quantitative randomness bar.

############ ENISA quantitative thresholds — REAL stream (contrast) ############
# stream: real.bin  (1250000 bytes, 10000000 bits)
# output-based MCV min-entropy (SP800-90B 6.3.1, run on OUTPUT = wrong place):
#   per-bit  : 0.9987 bits/bit   (p_max=0.50003)
#   per-byte : 7.8887 bits/byte (p_max=0.004073)
# TRUE secret min-entropy of construction: unknown (must be source-modeled)


Conclusion:
 1) Both streams receive the SAME statistical verdict; the predictable one is
    fully reproducible from the published key in predict_streamB_demo.py.
 2) The predictable stream has 0 true secret min-entropy, yet ENISA's entropy
    thresholds (>=125/>=188) are FALSELY CREDITED by the §7.1 statistical-testing
    path, and its size thresholds (>=192/>=384) are MET BY CONSTRUCTION.
 => Statistical testing cannot serve as a source-quality OR entropy assessment.
